<?xml version="1.0" encoding="UTF-8"?>
<coverage generated="1568217047189" clover="3.2.0">
  <project timestamp="1568217047189" name="All files">
    <metrics statements="33" coveredstatements="33" conditionals="21" coveredconditionals="21" methods="5" coveredmethods="5" elements="59" coveredelements="59" complexity="0" loc="33" ncloc="33" packages="1" files="1" classes="1">
      <file name="index.js" path="/home/marciomafideju/Documentos/FullStack/da2k/github-app/src/utils/pagination/index.js">
        <metrics statements="33" coveredstatements="33" conditionals="21" coveredconditionals="21" methods="5" coveredmethods="5"/>
        <line num="1" count="1" type="cond" truecount="3" falsecount="0"/>
        <line num="2" count="16" type="cond" truecount="2" falsecount="0"/>
        <line num="3" count="1" type="stmt"/>
        <line num="5" count="15" type="cond" truecount="2" falsecount="0"/>
        <line num="6" count="1" type="stmt"/>
        <line num="8" count="14" type="cond" truecount="2" falsecount="0"/>
        <line num="9" count="10" type="stmt"/>
        <line num="13" count="9" type="stmt"/>
        <line num="14" count="27" type="cond" truecount="2" falsecount="0"/>
        <line num="15" count="6" type="stmt"/>
        <line num="17" count="21" type="cond" truecount="2" falsecount="0"/>
        <line num="18" count="3" type="stmt"/>
        <line num="20" count="18" type="stmt"/>
        <line num="23" count="9" type="stmt"/>
        <line num="24" count="9" type="stmt"/>
        <line num="26" count="27" type="stmt"/>
        <line num="29" count="45" type="stmt"/>
        <line num="31" count="9" type="stmt"/>
        <line num="32" count="9" type="stmt"/>
        <line num="33" count="9" type="cond" truecount="2" falsecount="0"/>
        <line num="34" count="1" type="stmt"/>
        <line num="42" count="9" type="stmt"/>
        <line num="43" count="9" type="cond" truecount="2" falsecount="0"/>
        <line num="44" count="4" type="stmt"/>
        <line num="51" count="9" type="stmt"/>
        <line num="52" count="9" type="stmt"/>
        <line num="53" count="9" type="cond" truecount="2" falsecount="0"/>
        <line num="54" count="1" type="stmt"/>
        <line num="61" count="9" type="stmt"/>
        <line num="62" count="9" type="stmt"/>
        <line num="63" count="9" type="cond" truecount="2" falsecount="0"/>
        <line num="64" count="5" type="stmt"/>
        <line num="72" count="9" type="stmt"/>
      </file>
    </metrics>
  </project>
</coverage>
