{"/home/marciomafideju/Documentos/FullStack/da2k/github-app/src/utils/pagination/index.js": {"path":"/home/marciomafideju/Documentos/FullStack/da2k/github-app/src/utils/pagination/index.js","statementMap":{"0":{"start":{"line":1,"column":19},"end":{"line":73,"column":1}},"1":{"start":{"line":2,"column":2},"end":{"line":4,"column":3}},"2":{"start":{"line":3,"column":4},"end":{"line":3,"column":65}},"3":{"start":{"line":5,"column":2},"end":{"line":7,"column":3}},"4":{"start":{"line":6,"column":4},"end":{"line":6,"column":77}},"5":{"start":{"line":8,"column":2},"end":{"line":10,"column":3}},"6":{"start":{"line":9,"column":4},"end":{"line":9,"column":58}},"7":{"start":{"line":9,"column":51},"end":{"line":9,"column":56}},"8":{"start":{"line":13,"column":21},"end":{"line":21,"column":3}},"9":{"start":{"line":14,"column":4},"end":{"line":16,"column":5}},"10":{"start":{"line":15,"column":6},"end":{"line":15,"column":15}},"11":{"start":{"line":17,"column":4},"end":{"line":19,"column":5}},"12":{"start":{"line":18,"column":6},"end":{"line":18,"column":28}},"13":{"start":{"line":20,"column":4},"end":{"line":20,"column":26}},"14":{"start":{"line":23,"column":23},"end":{"line":23,"column":24}},"15":{"start":{"line":24,"column":14},"end":{"line":28,"column":3}},"16":{"start":{"line":26,"column":54},"end":{"line":26,"column":91}},"17":{"start":{"line":29,"column":2},"end":{"line":29,"column":78}},"18":{"start":{"line":29,"column":47},"end":{"line":29,"column":76}},"19":{"start":{"line":31,"column":18},"end":{"line":31,"column":26}},"20":{"start":{"line":32,"column":19},"end":{"line":32,"column":27}},"21":{"start":{"line":33,"column":2},"end":{"line":39,"column":3}},"22":{"start":{"line":34,"column":4},"end":{"line":38,"column":6}},"23":{"start":{"line":42,"column":2},"end":{"line":42,"column":23}},"24":{"start":{"line":42,"column":24},"end":{"line":42,"column":46}},"25":{"start":{"line":43,"column":2},"end":{"line":49,"column":3}},"26":{"start":{"line":44,"column":4},"end":{"line":48,"column":6}},"27":{"start":{"line":51,"column":17},"end":{"line":51,"column":40}},"28":{"start":{"line":52,"column":24},"end":{"line":52,"column":47}},"29":{"start":{"line":53,"column":2},"end":{"line":59,"column":3}},"30":{"start":{"line":54,"column":4},"end":{"line":58,"column":6}},"31":{"start":{"line":61,"column":2},"end":{"line":61,"column":37}},"32":{"start":{"line":62,"column":2},"end":{"line":62,"column":44}},"33":{"start":{"line":63,"column":2},"end":{"line":69,"column":3}},"34":{"start":{"line":64,"column":4},"end":{"line":68,"column":6}},"35":{"start":{"line":72,"column":2},"end":{"line":72,"column":15}}},"fnMap":{"0":{"name":"(anonymous_0)","decl":{"start":{"line":1,"column":19},"end":{"line":1,"column":20}},"loc":{"start":{"line":1,"column":59},"end":{"line":73,"column":1}},"line":1},"1":{"name":"(anonymous_1)","decl":{"start":{"line":9,"column":41},"end":{"line":9,"column":42}},"loc":{"start":{"line":9,"column":51},"end":{"line":9,"column":56}},"line":9},"2":{"name":"(anonymous_2)","decl":{"start":{"line":13,"column":21},"end":{"line":13,"column":22}},"loc":{"start":{"line":13,"column":27},"end":{"line":21,"column":3}},"line":13},"3":{"name":"(anonymous_3)","decl":{"start":{"line":26,"column":44},"end":{"line":26,"column":45}},"loc":{"start":{"line":26,"column":54},"end":{"line":26,"column":91}},"line":26},"4":{"name":"(anonymous_4)","decl":{"start":{"line":29,"column":23},"end":{"line":29,"column":24}},"loc":{"start":{"line":29,"column":47},"end":{"line":29,"column":76}},"line":29}},"branchMap":{"0":{"loc":{"start":{"line":1,"column":20},"end":{"line":1,"column":54}},"type":"default-arg","locations":[{"start":{"line":1,"column":52},"end":{"line":1,"column":54}}],"line":1},"1":{"loc":{"start":{"line":1,"column":22},"end":{"line":1,"column":31}},"type":"default-arg","locations":[{"start":{"line":1,"column":30},"end":{"line":1,"column":31}}],"line":1},"2":{"loc":{"start":{"line":1,"column":33},"end":{"line":1,"column":47}},"type":"default-arg","locations":[{"start":{"line":1,"column":46},"end":{"line":1,"column":47}}],"line":1},"3":{"loc":{"start":{"line":2,"column":2},"end":{"line":4,"column":3}},"type":"if","locations":[{"start":{"line":2,"column":2},"end":{"line":4,"column":3}},{"start":{"line":2,"column":2},"end":{"line":4,"column":3}}],"line":2},"4":{"loc":{"start":{"line":5,"column":2},"end":{"line":7,"column":3}},"type":"if","locations":[{"start":{"line":5,"column":2},"end":{"line":7,"column":3}},{"start":{"line":5,"column":2},"end":{"line":7,"column":3}}],"line":5},"5":{"loc":{"start":{"line":8,"column":2},"end":{"line":10,"column":3}},"type":"if","locations":[{"start":{"line":8,"column":2},"end":{"line":10,"column":3}},{"start":{"line":8,"column":2},"end":{"line":10,"column":3}}],"line":8},"6":{"loc":{"start":{"line":14,"column":4},"end":{"line":16,"column":5}},"type":"if","locations":[{"start":{"line":14,"column":4},"end":{"line":16,"column":5}},{"start":{"line":14,"column":4},"end":{"line":16,"column":5}}],"line":14},"7":{"loc":{"start":{"line":17,"column":4},"end":{"line":19,"column":5}},"type":"if","locations":[{"start":{"line":17,"column":4},"end":{"line":19,"column":5}},{"start":{"line":17,"column":4},"end":{"line":19,"column":5}}],"line":17},"8":{"loc":{"start":{"line":33,"column":2},"end":{"line":39,"column":3}},"type":"if","locations":[{"start":{"line":33,"column":2},"end":{"line":39,"column":3}},{"start":{"line":33,"column":2},"end":{"line":39,"column":3}}],"line":33},"9":{"loc":{"start":{"line":43,"column":2},"end":{"line":49,"column":3}},"type":"if","locations":[{"start":{"line":43,"column":2},"end":{"line":49,"column":3}},{"start":{"line":43,"column":2},"end":{"line":49,"column":3}}],"line":43},"10":{"loc":{"start":{"line":53,"column":2},"end":{"line":59,"column":3}},"type":"if","locations":[{"start":{"line":53,"column":2},"end":{"line":59,"column":3}},{"start":{"line":53,"column":2},"end":{"line":59,"column":3}}],"line":53},"11":{"loc":{"start":{"line":63,"column":2},"end":{"line":69,"column":3}},"type":"if","locations":[{"start":{"line":63,"column":2},"end":{"line":69,"column":3}},{"start":{"line":63,"column":2},"end":{"line":69,"column":3}}],"line":63}},"s":{"0":1,"1":16,"2":1,"3":15,"4":1,"5":14,"6":5,"7":10,"8":9,"9":27,"10":6,"11":21,"12":3,"13":18,"14":9,"15":9,"16":27,"17":9,"18":45,"19":9,"20":9,"21":9,"22":1,"23":9,"24":9,"25":9,"26":4,"27":9,"28":9,"29":9,"30":1,"31":9,"32":9,"33":9,"34":5,"35":9},"f":{"0":16,"1":10,"2":27,"3":27,"4":45},"b":{"0":[1],"1":[2],"2":[3],"3":[1,15],"4":[1,14],"5":[5,9],"6":[6,21],"7":[3,18],"8":[1,8],"9":[4,5],"10":[1,8],"11":[5,4]},"_coverageSchema":"332fd63041d2c1bcb487cc26dd0d5f7d97098a6c","hash":"1fe23038ae7647b9b87f2f122b4e560f0e131c3b"}
}
