TN:
SF:/home/marciomafideju/Documentos/FullStack/da2k/github-app/src/utils/pagination/index.js
FN:1,(anonymous_0)
FN:9,(anonymous_1)
FN:13,(anonymous_2)
FN:26,(anonymous_3)
FN:29,(anonymous_4)
FNF:5
FNH:5
FNDA:16,(anonymous_0)
FNDA:10,(anonymous_1)
FNDA:27,(anonymous_2)
FNDA:27,(anonymous_3)
FNDA:45,(anonymous_4)
DA:1,1
DA:2,16
DA:3,1
DA:5,15
DA:6,1
DA:8,14
DA:9,10
DA:13,9
DA:14,27
DA:15,6
DA:17,21
DA:18,3
DA:20,18
DA:23,9
DA:24,9
DA:26,27
DA:29,45
DA:31,9
DA:32,9
DA:33,9
DA:34,1
DA:42,9
DA:43,9
DA:44,4
DA:51,9
DA:52,9
DA:53,9
DA:54,1
DA:61,9
DA:62,9
DA:63,9
DA:64,5
DA:72,9
LF:33
LH:33
BRDA:1,0,0,1
BRDA:1,1,0,2
BRDA:1,2,0,3
BRDA:2,3,0,1
BRDA:2,3,1,15
BRDA:5,4,0,1
BRDA:5,4,1,14
BRDA:8,5,0,5
BRDA:8,5,1,9
BRDA:14,6,0,6
BRDA:14,6,1,21
BRDA:17,7,0,3
BRDA:17,7,1,18
BRDA:33,8,0,1
BRDA:33,8,1,8
BRDA:43,9,0,4
BRDA:43,9,1,5
BRDA:53,10,0,1
BRDA:53,10,1,8
BRDA:63,11,0,5
BRDA:63,11,1,4
BRF:21
BRH:21
end_of_record
