TN:
SF:/home/marciomafideju/Documentos/FullStack/da2k/github-app/src/utils/pagination/index.js
FN:1,(anonymous_0)
FN:3,(anonymous_1)
FN:7,(anonymous_2)
FN:20,(anonymous_3)
FN:23,(anonymous_4)
FNF:5
FNH:5
FNDA:10,(anonymous_0)
FNDA:8,(anonymous_1)
FNDA:21,(anonymous_2)
FNDA:21,(anonymous_3)
FNDA:35,(anonymous_4)
DA:1,1
DA:2,10
DA:3,8
DA:7,7
DA:8,21
DA:9,3
DA:11,18
DA:12,3
DA:14,15
DA:17,7
DA:18,7
DA:20,21
DA:23,35
DA:25,7
DA:26,7
DA:27,7
DA:28,1
DA:36,7
DA:37,7
DA:38,3
DA:45,7
DA:46,7
DA:47,7
DA:48,1
DA:55,7
DA:56,7
DA:57,7
DA:58,3
DA:66,7
LF:29
LH:29
BRDA:2,0,0,3
BRDA:2,0,1,7
BRDA:8,1,0,3
BRDA:8,1,1,18
BRDA:11,2,0,3
BRDA:11,2,1,15
BRDA:27,3,0,1
BRDA:27,3,1,6
BRDA:37,4,0,3
BRDA:37,4,1,4
BRDA:47,5,0,1
BRDA:47,5,1,6
BRDA:57,6,0,3
BRDA:57,6,1,4
BRF:14
BRH:14
end_of_record
